<?xml version="1.0" encoding="UTF-8"?>
<!-- Generated by org.testng.reporters.JUnitXMLReporter -->
<testsuite hostname="DESKTOP-JU6JKP0" ignored="2" name="Test Suite 2" tests="2" failures="0" timestamp="2023-04-16T11:55:19 IST" time="106.77" errors="0">
  <testcase name="asetUp" time="22.788" classname="core.AppiumTest"/>
  <testcase name="btestApp" time="83.707" classname="core.AppiumTest"/>
  <testcase name="cbuylist" time="0.0" classname="core.AppiumTest">
    <ignored/>
  </testcase> <!-- cbuylist -->
  <testcase name="chartinksetUp" time="0.0" classname="core.AppiumTest">
    <ignored/>
  </testcase> <!-- chartinksetUp -->
</testsuite> <!-- Test Suite 2 -->
