<?xml version="1.0" encoding="UTF-8"?>
<!-- Generated by org.testng.reporters.JUnitXMLReporter -->
<testsuite hostname="DESKTOP-JU6JKP0" ignored="3" name="Test Suite 1" tests="1" failures="0" timestamp="2023-04-17T08:20:34 IST" time="63.667" errors="0">
  <testcase name="chartinksetUp" time="63.415" classname="core.AppiumTest"/>
  <testcase name="btestApp" time="0.0" classname="core.AppiumTest">
    <ignored/>
  </testcase> <!-- btestApp -->
  <testcase name="asetUp" time="0.0" classname="core.AppiumTest">
    <ignored/>
  </testcase> <!-- asetUp -->
  <testcase name="cbuylist" time="0.0" classname="core.AppiumTest">
    <ignored/>
  </testcase> <!-- cbuylist -->
</testsuite> <!-- Test Suite 1 -->
