<?xml version="1.0" encoding="UTF-8"?>
<!-- Generated by org.testng.reporters.JUnitXMLReporter -->
<testsuite ignored="0" hostname="DESKTOP-JU6JKP0" failures="0" tests="3" name="Test Suite 1" time="493.349" errors="0" timestamp="2022-06-20T09:51:09 IST">
  <testcase classname="module1.TestCase1" name="myTest" time="0.017"/>
  <testcase classname="module1.TestCase1" name="myTest" time="0.002"/>
  <testcase classname="module1.TestCase1" name="test1" time="111.863"/>
</testsuite> <!-- Test Suite 1 -->
