<?xml version="1.0" encoding="UTF-8"?>
<!-- Generated by org.testng.reporters.JUnitXMLReporter -->
<testsuite ignored="0" hostname="DESKTOP-JU6JKP0" failures="0" tests="3" name="Test Suite 1" time="46.176" errors="0" timestamp="2022-06-19T04:55:21 IST">
  <testcase classname="module1.TestCase1" name="myTest" time="0.019"/>
  <testcase classname="module1.TestCase1" name="myTest" time="0.003"/>
  <testcase classname="module1.TestCase1" name="test1" time="15.781"/>
</testsuite> <!-- Test Suite 1 -->
