<?xml version="1.0" encoding="UTF-8"?>
<!-- Generated by org.testng.reporters.JUnitXMLReporter -->
<testsuite ignored="1" hostname="DESKTOP-JU6JKP0" failures="0" tests="3" name="Test Suite 2" time="206.861" errors="0" timestamp="2023-04-16T17:38:10 IST">
  <testcase classname="core.AppiumTest" name="asetUp" time="59.559"/>
  <testcase classname="core.AppiumTest" name="btestApp" time="91.838"/>
  <testcase classname="core.AppiumTest" name="cbuylist" time="54.975"/>
  <testcase classname="core.AppiumTest" name="chartinksetUp" time="0.0">
    <ignored/>
  </testcase> <!-- chartinksetUp -->
</testsuite> <!-- Test Suite 2 -->
