<?xml version="1.0" encoding="UTF-8"?>
<testng-results ignored="0" total="3" passed="3" failed="0" skipped="0">
  <reporter-output>
    <line>
      <![CDATA[chrome Vishwa]]>
    </line>
  </reporter-output>
  <suite started-at="2022-06-19T04:32:20 IST" name="Suite1" finished-at="2022-06-19T04:32:45 IST" duration-ms="25030">
    <groups>
    </groups>
    <test started-at="2022-06-19T04:32:20 IST" name="Test Suite 1" finished-at="2022-06-19T04:32:45 IST" duration-ms="25030">
      <class name="module1.TestCase1">
        <test-method is-config="true" signature="getBrowser(java.lang.String)[pri:0, instance:module1.TestCase1@7fee8714]" started-at="2022-06-19T04:32:20 IST" name="getBrowser" finished-at="2022-06-19T04:32:36 IST" duration-ms="15740" status="PASS">
          <params>
            <param index="0">
              <value>
                <![CDATA[chrome]]>
              </value>
            </param>
          </params>
          <reporter-output>
            <line>
              <![CDATA[chrome Vishwa]]>
            </line>
          </reporter-output>
        </test-method> <!-- getBrowser -->
        <test-method signature="myTest(int, int, int)[pri:0, instance:module1.TestCase1@7fee8714]" started-at="2022-06-19T04:32:36 IST" name="myTest" data-provider="data-provider" finished-at="2022-06-19T04:32:36 IST" duration-ms="34" status="PASS">
          <params>
            <param index="0">
              <value>
                <![CDATA[2]]>
              </value>
            </param>
            <param index="1">
              <value>
                <![CDATA[3]]>
              </value>
            </param>
            <param index="2">
              <value>
                <![CDATA[5]]>
              </value>
            </param>
          </params>
          <reporter-output>
          </reporter-output>
        </test-method> <!-- myTest -->
        <test-method signature="myTest(int, int, int)[pri:0, instance:module1.TestCase1@7fee8714]" started-at="2022-06-19T04:32:36 IST" name="myTest" data-provider="data-provider" finished-at="2022-06-19T04:32:36 IST" duration-ms="0" status="PASS">
          <params>
            <param index="0">
              <value>
                <![CDATA[5]]>
              </value>
            </param>
            <param index="1">
              <value>
                <![CDATA[7]]>
              </value>
            </param>
            <param index="2">
              <value>
                <![CDATA[12]]>
              </value>
            </param>
          </params>
          <reporter-output>
          </reporter-output>
        </test-method> <!-- myTest -->
        <test-method signature="test1()[pri:0, instance:module1.TestCase1@7fee8714]" started-at="2022-06-19T04:32:36 IST" name="test1" finished-at="2022-06-19T04:32:45 IST" duration-ms="9080" status="PASS">
          <reporter-output>
          </reporter-output>
        </test-method> <!-- test1 -->
      </class> <!-- module1.TestCase1 -->
    </test> <!-- Test Suite 1 -->
  </suite> <!-- Suite1 -->
</testng-results>
