<?xml version="1.0" encoding="UTF-8"?>
<!-- Generated by org.testng.reporters.JUnitXMLReporter -->
<testsuite ignored="0" hostname="DESKTOP-JU6JKP0" failures="2" tests="2" name="Test Suite 1" time="13.342" errors="0" timestamp="01 Jun 2022 11:56:58 GMT">
  <testcase classname="module1.TestCase1" name="myTest" time="0.016">
    <failure type="java.lang.AbstractMethodError" message="Receiver class listerners.NgListener does not define or inherit an implementation of the resolved method &amp;apos;abstract void onTestStart(org.testng.ITestResult)&amp;apos; of interface org.testng.ITestListener.">
      <![CDATA[java.lang.AbstractMethodError: Receiver class listerners.NgListener does not define or inherit an implementation of the resolved method 'abstract void onTestStart(org.testng.ITestResult)' of interface org.testng.ITestListener.
	at org.testng.internal.Invoker.runTestListeners(Invoker.java:1724)
	at org.testng.internal.Invoker.runTestListeners(Invoker.java:1699)
	at org.testng.internal.Invoker.invokeMethod(Invoker.java:622)
	at org.testng.internal.Invoker.invokeTestMethod(Invoker.java:851)
	at org.testng.internal.Invoker.invokeTestMethods(Invoker.java:1177)
	at org.testng.internal.TestMethodWorker.invokeTestMethods(TestMethodWorker.java:129)
	at org.testng.internal.TestMethodWorker.run(TestMethodWorker.java:112)
	at org.testng.TestRunner.privateRun(TestRunner.java:756)
	at org.testng.TestRunner.run(TestRunner.java:610)
	at org.testng.SuiteRunner.runTest(SuiteRunner.java:387)
	at org.testng.SuiteRunner.runSequentially(SuiteRunner.java:382)
	at org.testng.SuiteRunner.privateRun(SuiteRunner.java:340)
	at org.testng.SuiteRunner.run(SuiteRunner.java:289)
	at org.testng.SuiteRunnerWorker.runSuite(SuiteRunnerWorker.java:52)
	at org.testng.SuiteRunnerWorker.run(SuiteRunnerWorker.java:86)
	at org.testng.TestNG.runSuitesSequentially(TestNG.java:1293)
	at org.testng.TestNG.runSuitesLocally(TestNG.java:1218)
	at org.testng.TestNG.runSuites(TestNG.java:1133)
	at org.testng.TestNG.run(TestNG.java:1104)
	at org.testng.remote.AbstractRemoteTestNG.run(AbstractRemoteTestNG.java:115)
	at org.testng.remote.RemoteTestNG.initAndRun(RemoteTestNG.java:251)
	at org.testng.remote.RemoteTestNG.main(RemoteTestNG.java:77)
]]>
    </failure>
  </testcase> <!-- myTest -->
  <testcase classname="module1.TestCase1" name="myTest" time="0.162">
    <failure type="java.lang.AbstractMethodError" message="Receiver class listerners.NgListener does not define or inherit an implementation of the resolved method &amp;apos;abstract void onTestStart(org.testng.ITestResult)&amp;apos; of interface org.testng.ITestListener.">
      <![CDATA[java.lang.AbstractMethodError: Receiver class listerners.NgListener does not define or inherit an implementation of the resolved method 'abstract void onTestStart(org.testng.ITestResult)' of interface org.testng.ITestListener.
	at org.testng.internal.Invoker.runTestListeners(Invoker.java:1724)
	at org.testng.internal.Invoker.runTestListeners(Invoker.java:1699)
	at org.testng.internal.Invoker.invokeMethod(Invoker.java:622)
	at org.testng.internal.Invoker.invokeTestMethod(Invoker.java:851)
	at org.testng.internal.Invoker.invokeTestMethods(Invoker.java:1177)
	at org.testng.internal.TestMethodWorker.invokeTestMethods(TestMethodWorker.java:129)
	at org.testng.internal.TestMethodWorker.run(TestMethodWorker.java:112)
	at org.testng.TestRunner.privateRun(TestRunner.java:756)
	at org.testng.TestRunner.run(TestRunner.java:610)
	at org.testng.SuiteRunner.runTest(SuiteRunner.java:387)
	at org.testng.SuiteRunner.runSequentially(SuiteRunner.java:382)
	at org.testng.SuiteRunner.privateRun(SuiteRunner.java:340)
	at org.testng.SuiteRunner.run(SuiteRunner.java:289)
	at org.testng.SuiteRunnerWorker.runSuite(SuiteRunnerWorker.java:52)
	at org.testng.SuiteRunnerWorker.run(SuiteRunnerWorker.java:86)
	at org.testng.TestNG.runSuitesSequentially(TestNG.java:1293)
	at org.testng.TestNG.runSuitesLocally(TestNG.java:1218)
	at org.testng.TestNG.runSuites(TestNG.java:1133)
	at org.testng.TestNG.run(TestNG.java:1104)
	at org.testng.remote.AbstractRemoteTestNG.run(AbstractRemoteTestNG.java:115)
	at org.testng.remote.RemoteTestNG.initAndRun(RemoteTestNG.java:251)
	at org.testng.remote.RemoteTestNG.main(RemoteTestNG.java:77)
]]>
    </failure>
  </testcase> <!-- myTest -->
</testsuite> <!-- Test Suite 1 -->
